<?xml version="1.0" encoding="UTF-8"?>
<testsuite name="microserviceTourGuide.PerformanceTest" tests="1" skipped="0" failures="0" errors="0" timestamp="2022-04-12T10:31:45" hostname="F_WARMACHINE" time="6.537">
  <properties/>
  <testcase name="highVolumeTrackLocation()" classname="microserviceTourGuide.PerformanceTest" time="6.537"/>
  <system-out><![CDATA[12:31:34.208 [Test worker] DEBUG org.springframework.test.context.BootstrapUtils - Instantiating CacheAwareContextLoaderDelegate from class [org.springframework.test.context.cache.DefaultCacheAwareContextLoaderDelegate]
12:31:34.263 [Test worker] DEBUG org.springframework.test.context.BootstrapUtils - Instantiating BootstrapContext using constructor [public org.springframework.test.context.support.DefaultBootstrapContext(java.lang.Class,org.springframework.test.context.CacheAwareContextLoaderDelegate)]
12:31:34.419 [Test worker] DEBUG org.springframework.test.context.BootstrapUtils - Instantiating TestContextBootstrapper for test class [microserviceTourGuide.PerformanceTest] from class [org.springframework.boot.test.context.SpringBootTestContextBootstrapper]
12:31:34.466 [Test worker] INFO org.springframework.boot.test.context.SpringBootTestContextBootstrapper - Neither @ContextConfiguration nor @ContextHierarchy found for test class [microserviceTourGuide.PerformanceTest], using SpringBootContextLoader
12:31:34.483 [Test worker] DEBUG org.springframework.test.context.support.AbstractContextLoader - Did not detect default resource location for test class [microserviceTourGuide.PerformanceTest]: class path resource [microserviceTourGuide/PerformanceTest-context.xml] does not exist
12:31:34.484 [Test worker] DEBUG org.springframework.test.context.support.AbstractContextLoader - Did not detect default resource location for test class [microserviceTourGuide.PerformanceTest]: class path resource [microserviceTourGuide/PerformanceTestContext.groovy] does not exist
12:31:34.486 [Test worker] INFO org.springframework.test.context.support.AbstractContextLoader - Could not detect default resource locations for test class [microserviceTourGuide.PerformanceTest]: no resource found for suffixes {-context.xml, Context.groovy}.
12:31:34.490 [Test worker] INFO org.springframework.test.context.support.AnnotationConfigContextLoaderUtils - Could not detect default configuration classes for test class [microserviceTourGuide.PerformanceTest]: PerformanceTest does not declare any static, non-private, non-final, nested classes annotated with @Configuration.
12:31:34.702 [Test worker] DEBUG org.springframework.test.context.support.ActiveProfilesUtils - Could not find an 'annotation declaring class' for annotation type [org.springframework.test.context.ActiveProfiles] and class [microserviceTourGuide.PerformanceTest]
12:31:34.961 [Test worker] DEBUG org.springframework.context.annotation.ClassPathScanningCandidateComponentProvider - Identified candidate component class: file [E:\Users\Francky Malliet\git\microserviceTourGuide\microserviceTourGuide\microservice-tourGuide\build\classes\java\main\microserviceTourGuide\MicroserviceTourGuideApplication.class]
12:31:34.965 [Test worker] INFO org.springframework.boot.test.context.SpringBootTestContextBootstrapper - Found @SpringBootConfiguration microserviceTourGuide.MicroserviceTourGuideApplication for test class microserviceTourGuide.PerformanceTest
12:31:35.391 [Test worker] DEBUG org.springframework.boot.test.context.SpringBootTestContextBootstrapper - @TestExecutionListeners is not present for class [microserviceTourGuide.PerformanceTest]: using defaults.
12:31:35.392 [Test worker] INFO org.springframework.boot.test.context.SpringBootTestContextBootstrapper - Loaded default TestExecutionListener class names from location [META-INF/spring.factories]: [org.springframework.boot.test.autoconfigure.restdocs.RestDocsTestExecutionListener, org.springframework.boot.test.autoconfigure.web.client.MockRestServiceServerResetTestExecutionListener, org.springframework.boot.test.autoconfigure.web.servlet.MockMvcPrintOnlyOnFailureTestExecutionListener, org.springframework.boot.test.autoconfigure.web.servlet.WebDriverTestExecutionListener, org.springframework.boot.test.autoconfigure.webservices.client.MockWebServiceServerTestExecutionListener, org.springframework.boot.test.mock.mockito.MockitoTestExecutionListener, org.springframework.boot.test.mock.mockito.ResetMocksTestExecutionListener, org.springframework.test.context.web.ServletTestExecutionListener, org.springframework.test.context.support.DirtiesContextBeforeModesTestExecutionListener, org.springframework.test.context.event.ApplicationEventsTestExecutionListener, org.springframework.test.context.support.DependencyInjectionTestExecutionListener, org.springframework.test.context.support.DirtiesContextTestExecutionListener, org.springframework.test.context.transaction.TransactionalTestExecutionListener, org.springframework.test.context.jdbc.SqlScriptsTestExecutionListener, org.springframework.test.context.event.EventPublishingTestExecutionListener]
12:31:35.440 [Test worker] DEBUG org.springframework.boot.test.context.SpringBootTestContextBootstrapper - Skipping candidate TestExecutionListener [org.springframework.test.context.transaction.TransactionalTestExecutionListener] due to a missing dependency. Specify custom listener classes or make the default listener classes and their required dependencies available. Offending class: [org/springframework/transaction/interceptor/TransactionAttributeSource]
12:31:35.441 [Test worker] DEBUG org.springframework.boot.test.context.SpringBootTestContextBootstrapper - Skipping candidate TestExecutionListener [org.springframework.test.context.jdbc.SqlScriptsTestExecutionListener] due to a missing dependency. Specify custom listener classes or make the default listener classes and their required dependencies available. Offending class: [org/springframework/transaction/interceptor/TransactionAttribute]
12:31:35.442 [Test worker] INFO org.springframework.boot.test.context.SpringBootTestContextBootstrapper - Using TestExecutionListeners: [org.springframework.test.context.web.ServletTestExecutionListener@3f7f8f40, org.springframework.test.context.support.DirtiesContextBeforeModesTestExecutionListener@51225f94, org.springframework.test.context.event.ApplicationEventsTestExecutionListener@2524691d, org.springframework.boot.test.mock.mockito.MockitoTestExecutionListener@64e587a6, org.springframework.boot.test.autoconfigure.SpringBootDependencyInjectionTestExecutionListener@27a311f5, org.springframework.test.context.support.DirtiesContextTestExecutionListener@64be246a, org.springframework.test.context.event.EventPublishingTestExecutionListener@62d4c561, org.springframework.boot.test.autoconfigure.restdocs.RestDocsTestExecutionListener@2ac4a62a, org.springframework.boot.test.autoconfigure.web.client.MockRestServiceServerResetTestExecutionListener@1557263e, org.springframework.boot.test.autoconfigure.web.servlet.MockMvcPrintOnlyOnFailureTestExecutionListener@5fcd8a, org.springframework.boot.test.autoconfigure.web.servlet.WebDriverTestExecutionListener@4464ef2d, org.springframework.boot.test.autoconfigure.webservices.client.MockWebServiceServerTestExecutionListener@4b1ee47d, org.springframework.boot.test.mock.mockito.ResetMocksTestExecutionListener@67d44df6]
12:31:35.456 [Test worker] DEBUG org.springframework.test.context.support.AbstractDirtiesContextTestExecutionListener - Before test class: context [DefaultTestContext@517a3a56 testClass = PerformanceTest, testInstance = [null], testMethod = [null], testException = [null], mergedContextConfiguration = [WebMergedContextConfiguration@744d3b4d testClass = PerformanceTest, locations = '{}', classes = '{class microserviceTourGuide.MicroserviceTourGuideApplication}', contextInitializerClasses = '[]', activeProfiles = '{}', propertySourceLocations = '{}', propertySourceProperties = '{org.springframework.boot.test.context.SpringBootTestContextBootstrapper=true}', contextCustomizers = set[org.springframework.boot.test.autoconfigure.actuate.metrics.MetricsExportContextCustomizerFactory$DisableMetricExportContextCustomizer@18d4fee0, org.springframework.boot.test.autoconfigure.properties.PropertyMappingContextCustomizer@0, org.springframework.boot.test.autoconfigure.web.servlet.WebDriverContextCustomizerFactory$Customizer@2a26056, org.springframework.boot.test.context.filter.ExcludeFilterContextCustomizer@4ae4963f, org.springframework.boot.test.json.DuplicateJsonObjectContextCustomizerFactory$DuplicateJsonObjectContextCustomizer@439f174, org.springframework.boot.test.mock.mockito.MockitoContextCustomizer@0, org.springframework.boot.test.web.client.TestRestTemplateContextCustomizer@57fee488, org.springframework.boot.test.context.SpringBootTestArgs@1, org.springframework.boot.test.context.SpringBootTestWebEnvironment@433926], resourceBasePath = 'src/main/webapp', contextLoader = 'org.springframework.boot.test.context.SpringBootContextLoader', parent = [null]], attributes = map['org.springframework.test.context.web.ServletTestExecutionListener.activateListener' -> true]], class annotated with @DirtiesContext [false] with mode [null].

  .   ____          _            __ _ _
 /\\ / ___'_ __ _ _(_)_ __  __ _ \ \ \ \
( ( )\___ | '_ | '_| | '_ \/ _` | \ \ \ \
 \\/  ___)| |_)| | | | | || (_| |  ) ) ) )
  '  |____| .__|_| |_|_| |_\__, | / / / /
 =========|_|==============|___/=/_/_/_/
 :: Spring Boot ::                (v2.6.3)

2022-04-12 12:31:38.308  INFO 22096 --- [    Test worker] microserviceTourGuide.PerformanceTest    : No active profile set, falling back to default profiles: default
2022-04-12 12:31:40.700  INFO 22096 --- [    Test worker] o.s.cloud.context.scope.GenericScope     : BeanFactory id=93e32831-d688-3928-b9f4-b351b84535d9
2022-04-12 12:31:45.419  INFO 22096 --- [    Test worker] o.s.b.a.e.web.EndpointLinksResolver      : Exposing 1 endpoint(s) beneath base path '/actuator'
2022-04-12 12:31:45.554  INFO 22096 --- [    Test worker] microserviceTourGuide.PerformanceTest    : Started PerformanceTest in 9.935 seconds (JVM running for 14.601)
2022-04-12 12:31:46.943  INFO 22096 --- [    Test worker] microserviceTourGuide.PerformanceTest    : TestMode enabled
2022-04-12 12:31:46.943  INFO 22096 --- [    Test worker] microserviceTourGuide.PerformanceTest    : Initializing users
2022-04-12 12:31:47.002  INFO 22096 --- [    Test worker] o.j.m.DefaultMonetaryContextFactory      : Using custom MathContext: precision=256, roundingMode=HALF_EVEN
2022-04-12 12:31:50.262  INFO 22096 --- [    Test worker] microserviceTourGuide.PerformanceTest    : Finished initializing users number of users 100000 943710600
highVolumeTrackLocation: Time Elapsed: 1 seconds.
]]></system-out>
  <system-err><![CDATA[]]></system-err>
</testsuite>
